<?xml version="1.0" encoding="UTF-8"?>
<!-- Generated by org.testng.reporters.JUnitReportReporter -->
<testsuite hostname="LTIN654258" failures="0" tests="1" name="com.MakeMyTrip.TestRunner.TestRunner" time="0.971" errors="1" timestamp="2025-08-30T16:09:50 IST" skipped="0">
  <testcase classname="com.MakeMyTrip.TestRunner.TestRunner" name="runScenario" time="0.971">
    <error message="WebDriver setup failed" type="java.lang.RuntimeException">
      <![CDATA[java.lang.RuntimeException: WebDriver setup failed
at com.MakeMyTrip.Hooks.Hooks.setUp(Hooks.java:63)
Caused by: java.lang.NullPointerException: Cannot invoke "String.equalsIgnoreCase(String)" because "browser" is null
at com.MakeMyTrip.Utilities.DriverSetup.driverInstantiate(DriverSetup.java:61)
at com.MakeMyTrip.Hooks.Hooks.setUp(Hooks.java:59)
]]>
    </error>
  </testcase> <!-- runScenario -->
</testsuite> <!-- com.MakeMyTrip.TestRunner.TestRunner -->
